<testsuites id="" name="" tests="1" failures="1" skipped="0" errors="0" time="12.815934">
<testsuite name="debug-benefits.test.js" timestamp="2026-01-02T09:00:26.491Z" hostname="chromium" tests="1" failures="1" skipped="0" time="2.609" errors="0">
<testcase name="Benefits Management Debug › debug benefits management section" classname="debug-benefits.test.js" time="2.609">
<failure message="debug-benefits.test.js:22:3 debug benefits management section" type="FAILURE">
<![CDATA[  [chromium] › debug-benefits.test.js:22:3 › Benefits Management Debug › debug benefits management section 

    Error: locator.textContent: Error: strict mode violation: locator('#benefits-management p') resolved to 3 elements:
        1) <p class="text-muted">↵                Manage Amazon items categorized …</p> aka getByText('Manage Amazon items')
        2) <p>↵                    Configure which Amazon purch…</p> aka getByText('Configure which Amazon')
        3) <p class="text-muted small">↵                    Quickly select common employ…</p> aka getByText('Quickly select common')

    Call log:
      - waiting for locator('#benefits-management p')


      53 |     const headerText = await header.textContent();
      54 |     console.log("Header text:", headerText);
    > 55 |
         | ^
      56 |     const description = page.locator("#benefits-management p");
      57 |     const descText = await description.textContent();
      58 |     console.log("Description text:", descText);
        at /mnt/chromeos/removable/Drive/repos/tsv-ledger/tests/e2e/debug-benefits.test.js:55:40

    attachment #1: screenshot (image/png) ──────────────────────────────────────────────────────────
    ../../test-results/debug-benefits-Benefits-Ma-2dc28-benefits-management-section-chromium/test-failed-1.png
    ────────────────────────────────────────────────────────────────────────────────────────────────

    attachment #2: video (video/webm) ──────────────────────────────────────────────────────────────
    ../../test-results/debug-benefits-Benefits-Ma-2dc28-benefits-management-section-chromium/video.webm
    ────────────────────────────────────────────────────────────────────────────────────────────────

    Error Context: ../../test-results/debug-benefits-Benefits-Ma-2dc28-benefits-management-section-chromium/error-context.md
]]>
</failure>
<system-out>
<![CDATA[🔍 Starting benefits management debug...
✅ Navigation menu found
✅ Benefits management link found in main navigation
✅ Clicked benefits management link
✅ Benefits management section is active
Section visible: [33mtrue[39m
Header text: Benefits Management

[[ATTACHMENT|../test-results/debug-benefits-Benefits-Ma-2dc28-benefits-management-section-chromium/test-failed-1.png]]

[[ATTACHMENT|../test-results/debug-benefits-Benefits-Ma-2dc28-benefits-management-section-chromium/video.webm]]

[[ATTACHMENT|../test-results/debug-benefits-Benefits-Ma-2dc28-benefits-management-section-chromium/error-context.md]]
]]>
</system-out>
</testcase>
</testsuite>
</testsuites>