<testsuites id="" name="" tests="25" failures="0" skipped="25" errors="0" time="13.279994">
<testsuite name="comprehensive-ux-audit.spec.js" timestamp="2026-01-07T06:26:00.461Z" hostname="chromium" tests="5" failures="0" skipped="5" time="0.463" errors="0">
<testcase name="Comprehensive UX Audit › Navigation Structure › sidebar contains all menu items" classname="comprehensive-ux-audit.spec.js" time="0.463">
<skipped>
</skipped>
</testcase>
<testcase name="Comprehensive UX Audit › Navigation Structure › sidebar toggle works" classname="comprehensive-ux-audit.spec.js" time="0">
<skipped>
</skipped>
</testcase>
<testcase name="Comprehensive UX Audit › Component Styling Verification › Bootstrap CSS is loaded" classname="comprehensive-ux-audit.spec.js" time="0">
<skipped>
</skipped>
</testcase>
<testcase name="Comprehensive UX Audit › Component Styling Verification › FontAwesome icons render" classname="comprehensive-ux-audit.spec.js" time="0">
<skipped>
</skipped>
</testcase>
<testcase name="Comprehensive UX Audit › Component Styling Verification › cards have proper styling" classname="comprehensive-ux-audit.spec.js" time="0">
<skipped>
</skipped>
</testcase>
</testsuite>
<testsuite name="comprehensive-ux-audit.spec.js" timestamp="2026-01-07T06:26:00.461Z" hostname="firefox" tests="5" failures="0" skipped="5" time="0" errors="0">
<testcase name="Comprehensive UX Audit › Navigation Structure › sidebar contains all menu items" classname="comprehensive-ux-audit.spec.js" time="0">
<skipped>
</skipped>
</testcase>
<testcase name="Comprehensive UX Audit › Navigation Structure › sidebar toggle works" classname="comprehensive-ux-audit.spec.js" time="0">
<skipped>
</skipped>
</testcase>
<testcase name="Comprehensive UX Audit › Component Styling Verification › Bootstrap CSS is loaded" classname="comprehensive-ux-audit.spec.js" time="0">
<skipped>
</skipped>
</testcase>
<testcase name="Comprehensive UX Audit › Component Styling Verification › FontAwesome icons render" classname="comprehensive-ux-audit.spec.js" time="0">
<skipped>
</skipped>
</testcase>
<testcase name="Comprehensive UX Audit › Component Styling Verification › cards have proper styling" classname="comprehensive-ux-audit.spec.js" time="0">
<skipped>
</skipped>
</testcase>
</testsuite>
<testsuite name="comprehensive-ux-audit.spec.js" timestamp="2026-01-07T06:26:00.461Z" hostname="webkit" tests="5" failures="0" skipped="5" time="0" errors="0">
<testcase name="Comprehensive UX Audit › Navigation Structure › sidebar contains all menu items" classname="comprehensive-ux-audit.spec.js" time="0">
<skipped>
</skipped>
</testcase>
<testcase name="Comprehensive UX Audit › Navigation Structure › sidebar toggle works" classname="comprehensive-ux-audit.spec.js" time="0">
<skipped>
</skipped>
</testcase>
<testcase name="Comprehensive UX Audit › Component Styling Verification › Bootstrap CSS is loaded" classname="comprehensive-ux-audit.spec.js" time="0">
<skipped>
</skipped>
</testcase>
<testcase name="Comprehensive UX Audit › Component Styling Verification › FontAwesome icons render" classname="comprehensive-ux-audit.spec.js" time="0">
<skipped>
</skipped>
</testcase>
<testcase name="Comprehensive UX Audit › Component Styling Verification › cards have proper styling" classname="comprehensive-ux-audit.spec.js" time="0">
<skipped>
</skipped>
</testcase>
</testsuite>
<testsuite name="comprehensive-ux-audit.spec.js" timestamp="2026-01-07T06:26:00.461Z" hostname="mobile-chrome" tests="5" failures="0" skipped="5" time="0" errors="0">
<testcase name="Comprehensive UX Audit › Navigation Structure › sidebar contains all menu items" classname="comprehensive-ux-audit.spec.js" time="0">
<skipped>
</skipped>
</testcase>
<testcase name="Comprehensive UX Audit › Navigation Structure › sidebar toggle works" classname="comprehensive-ux-audit.spec.js" time="0">
<skipped>
</skipped>
</testcase>
<testcase name="Comprehensive UX Audit › Component Styling Verification › Bootstrap CSS is loaded" classname="comprehensive-ux-audit.spec.js" time="0">
<skipped>
</skipped>
</testcase>
<testcase name="Comprehensive UX Audit › Component Styling Verification › FontAwesome icons render" classname="comprehensive-ux-audit.spec.js" time="0">
<skipped>
</skipped>
</testcase>
<testcase name="Comprehensive UX Audit › Component Styling Verification › cards have proper styling" classname="comprehensive-ux-audit.spec.js" time="0">
<skipped>
</skipped>
</testcase>
</testsuite>
<testsuite name="comprehensive-ux-audit.spec.js" timestamp="2026-01-07T06:26:00.461Z" hostname="mobile-safari" tests="5" failures="0" skipped="5" time="0" errors="0">
<testcase name="Comprehensive UX Audit › Navigation Structure › sidebar contains all menu items" classname="comprehensive-ux-audit.spec.js" time="0">
<skipped>
</skipped>
</testcase>
<testcase name="Comprehensive UX Audit › Navigation Structure › sidebar toggle works" classname="comprehensive-ux-audit.spec.js" time="0">
<skipped>
</skipped>
</testcase>
<testcase name="Comprehensive UX Audit › Component Styling Verification › Bootstrap CSS is loaded" classname="comprehensive-ux-audit.spec.js" time="0">
<skipped>
</skipped>
</testcase>
<testcase name="Comprehensive UX Audit › Component Styling Verification › FontAwesome icons render" classname="comprehensive-ux-audit.spec.js" time="0">
<skipped>
</skipped>
</testcase>
<testcase name="Comprehensive UX Audit › Component Styling Verification › cards have proper styling" classname="comprehensive-ux-audit.spec.js" time="0">
<skipped>
</skipped>
</testcase>
</testsuite>
</testsuites>