<?xml version="1.0" encoding="UTF-8"?>
<testsuites name="jest tests" tests="82" failures="13" errors="0" time="66.104">
  <testsuite name="Data Lifecycle Integration Tests" errors="0" failures="1" skipped="0" timestamp="2026-01-12T05:26:15" time="29.254" tests="1">
    <testcase classname="Data Lifecycle Integration Tests should complete full data lifecycle" name="Data Lifecycle Integration Tests should complete full data lifecycle" time="29.047">
      <failure>Error: expect(received).toBeGreaterThan(expected)

Expected: &gt; 0
Received:   0
    at Object.&lt;anonymous&gt; (/home/curtisfranks/tsv-ledger/tests/integration/data-lifecycle.test.js:85:31)
    at processTicksAndRejections (node:internal/process/task_queues:103:5)</failure>
    </testcase>
  </testsuite>
  <testsuite name="API Integration Tests" errors="0" failures="12" skipped="0" timestamp="2026-01-12T05:26:44" time="2.692" tests="30">
    <testcase classname="API Integration Tests GET /api/expenditures should return empty array when no expenditures exist" name="API Integration Tests GET /api/expenditures should return empty array when no expenditures exist" time="0.023">
    </testcase>
    <testcase classname="API Integration Tests GET /api/expenditures should return all expenditures" name="API Integration Tests GET /api/expenditures should return all expenditures" time="0.022">
    </testcase>
    <testcase classname="API Integration Tests GET /api/expenditures should handle large datasets" name="API Integration Tests GET /api/expenditures should handle large datasets" time="0.019">
    </testcase>
    <testcase classname="API Integration Tests POST /api/expenditures should create new expenditure" name="API Integration Tests POST /api/expenditures should create new expenditure" time="0.026">
    </testcase>
    <testcase classname="API Integration Tests POST /api/expenditures should handle invalid JSON" name="API Integration Tests POST /api/expenditures should handle invalid JSON" time="0.021">
    </testcase>
    <testcase classname="API Integration Tests POST /api/expenditures should handle missing required fields" name="API Integration Tests POST /api/expenditures should handle missing required fields" time="0.011">
    </testcase>
    <testcase classname="API Integration Tests GET /api/analysis should return analysis for existing expenditures" name="API Integration Tests GET /api/analysis should return analysis for existing expenditures" time="0.01">
      <failure>Error: expect(received).toHaveProperty(path)

Expected path: &quot;monthlyTrends&quot;
Received path: []

Received value: {&quot;averageAmount&quot;: 75, &quot;categories&quot;: {&quot;Food &amp; Dining&quot;: 50, &quot;Office Supplies&quot;: 100}, &quot;dateRange&quot;: {&quot;end&quot;: &quot;2024-01-15&quot;, &quot;start&quot;: &quot;2024-01-15&quot;}, &quot;topCategory&quot;: [&quot;Office Supplies&quot;, 100], &quot;totalExpenditures&quot;: 2, &quot;totalSpent&quot;: 150}
    at Object.&lt;anonymous&gt; (/home/curtisfranks/tsv-ledger/tests/integration/api.test.js:205:20)
    at processTicksAndRejections (node:internal/process/task_queues:103:5)</failure>
    </testcase>
    <testcase classname="API Integration Tests GET /api/analysis should handle empty dataset" name="API Integration Tests GET /api/analysis should handle empty dataset" time="0.006">
    </testcase>
    <testcase classname="API Integration Tests GET /api/ai-analysis should return AI analysis results" name="API Integration Tests GET /api/ai-analysis should return AI analysis results" time="0.01">
    </testcase>
    <testcase classname="API Integration Tests GET /api/ai-analysis should handle empty dataset" name="API Integration Tests GET /api/ai-analysis should handle empty dataset" time="0.016">
      <failure>Error: expect(received).toEqual(expected) // deep equality

- Expected  - 1
+ Received  + 3

- Array []
+ Array [
+   &quot;No expenditure data available for analysis&quot;,
+ ]
    at Object.&lt;anonymous&gt; (/home/curtisfranks/tsv-ledger/tests/integration/api.test.js:243:29)
    at processTicksAndRejections (node:internal/process/task_queues:103:5)</failure>
    </testcase>
    <testcase classname="API Integration Tests GET /api/amazon-items should return Amazon items" name="API Integration Tests GET /api/amazon-items should return Amazon items" time="0.015">
      <failure>Error: expect(received).toBe(expected) // Object.is equality

Expected: true
Received: false
    at Object.&lt;anonymous&gt; (/home/curtisfranks/tsv-ledger/tests/integration/api.test.js:255:35)
    at processTicksAndRejections (node:internal/process/task_queues:103:5)</failure>
    </testcase>
    <testcase classname="API Integration Tests GET /api/amazon-items should handle filtering parameters" name="API Integration Tests GET /api/amazon-items should handle filtering parameters" time="0.013">
      <failure>Error: expect(received).toBe(expected) // Object.is equality

Expected: true
Received: false
    at Object.&lt;anonymous&gt; (/home/curtisfranks/tsv-ledger/tests/integration/api.test.js:263:35)
    at processTicksAndRejections (node:internal/process/task_queues:103:5)</failure>
    </testcase>
    <testcase classname="API Integration Tests PUT /api/amazon-items/:id should update Amazon item" name="API Integration Tests PUT /api/amazon-items/:id should update Amazon item" time="0.013">
    </testcase>
    <testcase classname="API Integration Tests PUT /api/amazon-items/:id should handle non-existent item" name="API Integration Tests PUT /api/amazon-items/:id should handle non-existent item" time="0.017">
    </testcase>
    <testcase classname="API Integration Tests GET /api/premium-status should return premium status" name="API Integration Tests GET /api/premium-status should return premium status" time="0.01">
      <failure>Error: expect(received).toHaveProperty(path)

Expected path: &quot;isPremium&quot;
Received path: []

Received value: {&quot;features&quot;: {&quot;advancedReporting&quot;: true, &quot;aiAnalysis&quot;: true, &quot;amazonIntegration&quot;: true, &quot;businessIntelligence&quot;: true, &quot;geographicAnalysis&quot;: true, &quot;subscriptionTracking&quot;: true}, &quot;premium&quot;: true, &quot;version&quot;: &quot;2.2.3&quot;}
    at Object.&lt;anonymous&gt; (/home/curtisfranks/tsv-ledger/tests/integration/api.test.js:306:20)
    at processTicksAndRejections (node:internal/process/task_queues:103:5)</failure>
    </testcase>
    <testcase classname="API Integration Tests GET /api/premium-analytics should return premium analytics" name="API Integration Tests GET /api/premium-analytics should return premium analytics" time="0.011">
      <failure>Error: expect(received).toHaveProperty(path)

Expected path: &quot;advancedMetrics&quot;
Received path: []

Received value: {&quot;categoryBreakdown&quot;: {}, &quot;insights&quot;: [&quot;Highest spending category: N/A ($0.00)&quot;, &quot;Average transaction: $NaN&quot;, &quot;Total transactions: 0&quot;], &quot;monthlySpending&quot;: {}, &quot;summary&quot;: {&quot;averageTransaction&quot;: null, &quot;totalExpenditures&quot;: 0, &quot;totalSpent&quot;: 0}, &quot;topCategories&quot;: []}
    at Object.&lt;anonymous&gt; (/home/curtisfranks/tsv-ledger/tests/integration/api.test.js:317:20)
    at processTicksAndRejections (node:internal/process/task_queues:103:5)</failure>
    </testcase>
    <testcase classname="API Integration Tests Employee Benefits API POST /api/employee-benefits-filter should filter employee benefits" name="API Integration Tests Employee Benefits API POST /api/employee-benefits-filter should filter employee benefits" time="0.016">
      <failure>Error: expect(received).toHaveProperty(path)

Expected path: &quot;filteredItems&quot;
Received path: []

Received value: {&quot;data&quot;: {&quot;analysis&quot;: {&quot;averageTransaction&quot;: 0, &quot;categoryBreakdown&quot;: {}, &quot;sourceBreakdown&quot;: {}, &quot;totalSpent&quot;: 0, &quot;transactionCount&quot;: 0, &quot;type&quot;: &quot;summary&quot;}, &quot;dateRange&quot;: null, &quot;totalRecords&quot;: 0}, &quot;expenditures&quot;: [], &quot;success&quot;: true}
    at Object.&lt;anonymous&gt; (/home/curtisfranks/tsv-ledger/tests/integration/api.test.js:338:22)
    at processTicksAndRejections (node:internal/process/task_queues:103:5)</failure>
    </testcase>
    <testcase classname="API Integration Tests Subscription Analysis API GET /api/subscription-dashboard should return subscription dashboard data" name="API Integration Tests Subscription Analysis API GET /api/subscription-dashboard should return subscription dashboard data" time="0.014">
      <failure>Error: expect(received).toHaveProperty(path)

Expected path: &quot;subscriptions&quot;
Received path: []

Received value: {&quot;monthlyBreakdown&quot;: {}, &quot;recentSubscriptions&quot;: [], &quot;recurringSubscriptions&quot;: [], &quot;summary&quot;: {&quot;averageCost&quot;: 0, &quot;totalSpent&quot;: 0, &quot;totalSubscriptions&quot;: 0, &quot;uniqueServices&quot;: 0}}
    at Object.&lt;anonymous&gt; (/home/curtisfranks/tsv-ledger/tests/integration/api.test.js:351:22)
    at processTicksAndRejections (node:internal/process/task_queues:103:5)</failure>
    </testcase>
    <testcase classname="API Integration Tests Subscription Analysis API GET /api/subscription-analysis should return subscription analysis" name="API Integration Tests Subscription Analysis API GET /api/subscription-analysis should return subscription analysis" time="0.025">
      <failure>Error: expect(received).toHaveProperty(path)

Expected path: &quot;patterns&quot;
Received path: []

Received value: {&quot;categoryBreakdown&quot;: {}, &quot;insights&quot;: [&quot;No subscription transactions found in the dataset&quot;], &quot;monthlyBreakdown&quot;: {}, &quot;recommendations&quot;: [], &quot;summary&quot;: {&quot;averageCost&quot;: 0, &quot;totalSpent&quot;: 0, &quot;totalSubscriptions&quot;: 0, &quot;uniqueServices&quot;: []}}
    at Object.&lt;anonymous&gt; (/home/curtisfranks/tsv-ledger/tests/integration/api.test.js:362:22)
    at processTicksAndRejections (node:internal/process/task_queues:103:5)</failure>
    </testcase>
    <testcase classname="API Integration Tests Geographic Analysis API GET /api/geographic-dashboard should return geographic dashboard data" name="API Integration Tests Geographic Analysis API GET /api/geographic-dashboard should return geographic dashboard data" time="0.01">
      <failure>Error: expect(received).toHaveProperty(path)

Expected path: &quot;locations&quot;
Received path: []

Received value: {&quot;spendingByRegion&quot;: {}, &quot;summary&quot;: {&quot;averageSpendingPerLocation&quot;: null, &quot;totalLocations&quot;: 0, &quot;totalSpent&quot;: 0}, &quot;topLocations&quot;: [], &quot;trends&quot;: {&quot;highestSpendingLocation&quot;: null, &quot;locationDiversity&quot;: &quot;low&quot;, &quot;mostActiveRegion&quot;: null}}
    at Object.&lt;anonymous&gt; (/home/curtisfranks/tsv-ledger/tests/integration/api.test.js:375:22)
    at processTicksAndRejections (node:internal/process/task_queues:103:5)</failure>
    </testcase>
    <testcase classname="API Integration Tests Geographic Analysis API GET /api/geographic-analysis should return geographic analysis" name="API Integration Tests Geographic Analysis API GET /api/geographic-analysis should return geographic analysis" time="0.009">
      <failure>Error: expect(received).toHaveProperty(path)

Expected path: &quot;regions&quot;
Received path: []

Received value: {&quot;spendingByRegion&quot;: {}, &quot;summary&quot;: {&quot;averageSpendingPerLocation&quot;: null, &quot;totalLocations&quot;: 0, &quot;totalSpent&quot;: 0}, &quot;topLocations&quot;: [], &quot;trends&quot;: {&quot;highestSpendingLocation&quot;: null, &quot;locationDiversity&quot;: &quot;low&quot;, &quot;mostActiveRegion&quot;: null}}
    at Object.&lt;anonymous&gt; (/home/curtisfranks/tsv-ledger/tests/integration/api.test.js:386:22)
    at processTicksAndRejections (node:internal/process/task_queues:103:5)</failure>
    </testcase>
    <testcase classname="API Integration Tests File Upload APIs POST /api/validate-amazon-zip should validate ZIP file upload" name="API Integration Tests File Upload APIs POST /api/validate-amazon-zip should validate ZIP file upload" time="0.018">
    </testcase>
    <testcase classname="API Integration Tests File Upload APIs POST /api/import-amazon-zip should handle ZIP import request" name="API Integration Tests File Upload APIs POST /api/import-amazon-zip should handle ZIP import request" time="0.02">
    </testcase>
    <testcase classname="API Integration Tests Error Handling should handle invalid endpoints" name="API Integration Tests Error Handling should handle invalid endpoints" time="0.008">
    </testcase>
    <testcase classname="API Integration Tests Error Handling should handle malformed JSON in POST requests" name="API Integration Tests Error Handling should handle malformed JSON in POST requests" time="0.009">
    </testcase>
    <testcase classname="API Integration Tests Error Handling should handle unsupported HTTP methods" name="API Integration Tests Error Handling should handle unsupported HTTP methods" time="0.018">
    </testcase>
    <testcase classname="API Integration Tests Performance should respond within acceptable time limits" name="API Integration Tests Performance should respond within acceptable time limits" time="0.007">
    </testcase>
    <testcase classname="API Integration Tests Performance should handle concurrent requests" name="API Integration Tests Performance should handle concurrent requests" time="0.045">
    </testcase>
    <testcase classname="API Integration Tests Security should not allow directory traversal" name="API Integration Tests Security should not allow directory traversal" time="0.01">
    </testcase>
    <testcase classname="API Integration Tests Security should handle large request bodies" name="API Integration Tests Security should handle large request bodies" time="0.024">
      <failure>Error: expect(received).toContain(expected) // indexOf

Expected value: 400
Received array: [200, 413]
    at Object.&lt;anonymous&gt; (/home/curtisfranks/tsv-ledger/tests/integration/api.test.js:488:26)
    at processTicksAndRejections (node:internal/process/task_queues:103:5)</failure>
    </testcase>
  </testsuite>
  <testsuite name="Data Lifecycle Integration Tests (Standalone)" errors="0" failures="0" skipped="0" timestamp="2026-01-12T05:26:47" time="30.944" tests="1">
    <testcase classname="Data Lifecycle Integration Tests (Standalone) should complete full data lifecycle" name="Data Lifecycle Integration Tests (Standalone) should complete full data lifecycle" time="25.843">
    </testcase>
    <testcase classname=" Test execution failure: could be caused by test hooks like &apos;afterAll&apos;." name=" Test execution failure: could be caused by test hooks like &apos;afterAll&apos;." time="0">
      <failure>{&quot;message&quot;:&quot;&quot;,&quot;stack&quot;:&quot;Error: thrown: \&quot;Exceeded timeout of 5000 ms for a hook.\nAdd a timeout value to this test to increase the timeout, if this is a long-running test. See https://jestjs.io/docs/api#testname-fn-timeout.\&quot;\n    at /home/curtisfranks/tsv-ledger/tests/integration/data-lifecycle-standalone.test.js:75:3\n    at _dispatchDescribe (/home/curtisfranks/.npm/_npx/b8d86e6551a4f492/node_modules/jest-circus/build/jestAdapterInit.js:604:26)\n    at describe (/home/curtisfranks/.npm/_npx/b8d86e6551a4f492/node_modules/jest-circus/build/jestAdapterInit.js:572:44)\n    at Object.&lt;anonymous&gt; (/home/curtisfranks/tsv-ledger/tests/integration/data-lifecycle-standalone.test.js:17:1)\n    at Runtime._execModule (/home/curtisfranks/.npm/_npx/b8d86e6551a4f492/node_modules/jest-runtime/build/index.js:1268:24)\n    at Runtime._loadModule (/home/curtisfranks/.npm/_npx/b8d86e6551a4f492/node_modules/jest-runtime/build/index.js:944:12)\n    at Runtime.requireModule (/home/curtisfranks/.npm/_npx/b8d86e6551a4f492/node_modules/jest-runtime/build/index.js:832:12)\n    at jestAdapter (/home/curtisfranks/.npm/_npx/b8d86e6551a4f492/node_modules/jest-circus/build/runner.js:95:13)\n    at runTestInternal (/home/curtisfranks/.npm/_npx/b8d86e6551a4f492/node_modules/jest-runner/build/index.js:275:16)\n    at runTest (/home/curtisfranks/.npm/_npx/b8d86e6551a4f492/node_modules/jest-runner/build/index.js:343:7)&quot;}</failure>
    </testcase>
  </testsuite>
  <testsuite name="Database Module" errors="0" failures="0" skipped="0" timestamp="2026-01-12T05:27:18" time="2.128" tests="13">
    <testcase classname="Database Module getAllExpenditures should return empty array when no data exists" name="Database Module getAllExpenditures should return empty array when no data exists" time="0.008">
    </testcase>
    <testcase classname="Database Module getAllExpenditures should return all expenditures when data exists" name="Database Module getAllExpenditures should return all expenditures when data exists" time="0.014">
    </testcase>
    <testcase classname="Database Module getAllExpenditures should handle malformed JSON gracefully" name="Database Module getAllExpenditures should handle malformed JSON gracefully" time="0.006">
    </testcase>
    <testcase classname="Database Module getAllExpenditures should handle file read errors gracefully" name="Database Module getAllExpenditures should handle file read errors gracefully" time="0.004">
    </testcase>
    <testcase classname="Database Module addExpenditure should add new expenditure with generated ID" name="Database Module addExpenditure should add new expenditure with generated ID" time="0.004">
    </testcase>
    <testcase classname="Database Module addExpenditure should increment ID for multiple additions" name="Database Module addExpenditure should increment ID for multiple additions" time="0.003">
    </testcase>
    <testcase classname="Database Module addExpenditure should preserve existing properties when adding" name="Database Module addExpenditure should preserve existing properties when adding" time="0.004">
    </testcase>
    <testcase classname="Database Module addExpenditure should handle file write errors gracefully" name="Database Module addExpenditure should handle file write errors gracefully" time="0.003">
    </testcase>
    <testcase classname="Database Module addExpenditure should validate required fields are present" name="Database Module addExpenditure should validate required fields are present" time="0.003">
    </testcase>
    <testcase classname="Database Module Data Persistence should persist data between operations" name="Database Module Data Persistence should persist data between operations" time="0.008">
    </testcase>
    <testcase classname="Database Module Data Persistence should maintain data integrity across multiple operations" name="Database Module Data Persistence should maintain data integrity across multiple operations" time="0.007">
    </testcase>
    <testcase classname="Database Module Error Handling should handle concurrent access gracefully" name="Database Module Error Handling should handle concurrent access gracefully" time="0.007">
    </testcase>
    <testcase classname="Database Module Error Handling should handle large datasets efficiently" name="Database Module Error Handling should handle large datasets efficiently" time="2.003">
    </testcase>
  </testsuite>
  <testsuite name="Amazon ZIP Validation" errors="0" failures="0" skipped="0" timestamp="2026-01-12T05:27:20" time="0.689" tests="11">
    <testcase classname="Amazon ZIP Validation AmazonZipDetector should validate existing Orders ZIP file" name="Amazon ZIP Validation AmazonZipDetector should validate existing Orders ZIP file" time="0.104">
    </testcase>
    <testcase classname="Amazon ZIP Validation AmazonZipDetector should validate existing Subscriptions ZIP file" name="Amazon ZIP Validation AmazonZipDetector should validate existing Subscriptions ZIP file" time="0.012">
    </testcase>
    <testcase classname="Amazon ZIP Validation AmazonZipDetector should reject non-ZIP file extension" name="Amazon ZIP Validation AmazonZipDetector should reject non-ZIP file extension" time="0.002">
    </testcase>
    <testcase classname="Amazon ZIP Validation AmazonZipDetector should accept ZIP extension from originalName even if temp file has no extension" name="Amazon ZIP Validation AmazonZipDetector should accept ZIP extension from originalName even if temp file has no extension" time="0.08">
    </testcase>
    <testcase classname="Amazon ZIP Validation zip-handler validateZipFile should return success:true for valid ZIP file" name="Amazon ZIP Validation zip-handler validateZipFile should return success:true for valid ZIP file" time="0.092">
    </testcase>
    <testcase classname="Amazon ZIP Validation zip-handler validateZipFile should return success:false for non-ZIP file" name="Amazon ZIP Validation zip-handler validateZipFile should return success:false for non-ZIP file" time="0.003">
    </testcase>
    <testcase classname="Amazon ZIP Validation zip-handler validateZipFile should handle missing file gracefully" name="Amazon ZIP Validation zip-handler validateZipFile should handle missing file gracefully" time="0.003">
    </testcase>
    <testcase classname="Amazon ZIP Validation zip-handler validateZipFile response structure matches frontend expectations" name="Amazon ZIP Validation zip-handler validateZipFile response structure matches frontend expectations" time="0.126">
    </testcase>
    <testcase classname="Amazon ZIP Validation Extension handling edge cases should handle filename with spaces" name="Amazon ZIP Validation Extension handling edge cases should handle filename with spaces" time="0.095">
    </testcase>
    <testcase classname="Amazon ZIP Validation Extension handling edge cases should handle uppercase extension" name="Amazon ZIP Validation Extension handling edge cases should handle uppercase extension" time="0.087">
    </testcase>
    <testcase classname="Amazon ZIP Validation Extension handling edge cases should reject .zip.txt extension" name="Amazon ZIP Validation Extension handling edge cases should reject .zip.txt extension" time="0.011">
    </testcase>
  </testsuite>
  <testsuite name="TSVCategorizer" errors="0" failures="0" skipped="0" timestamp="2026-01-12T05:27:21" time="0.225" tests="26">
    <testcase classname="TSVCategorizer Categorization should categorize food-related expenses correctly" name="TSVCategorizer Categorization should categorize food-related expenses correctly" time="0.004">
    </testcase>
    <testcase classname="TSVCategorizer Categorization should categorize transportation expenses correctly" name="TSVCategorizer Categorization should categorize transportation expenses correctly" time="0.004">
    </testcase>
    <testcase classname="TSVCategorizer Categorization should categorize shopping expenses correctly" name="TSVCategorizer Categorization should categorize shopping expenses correctly" time="0.003">
    </testcase>
    <testcase classname="TSVCategorizer Categorization should categorize utilities correctly" name="TSVCategorizer Categorization should categorize utilities correctly" time="0.003">
    </testcase>
    <testcase classname="TSVCategorizer Categorization should return Other for uncategorized expenses" name="TSVCategorizer Categorization should return Other for uncategorized expenses" time="0.002">
    </testcase>
    <testcase classname="TSVCategorizer Categorization should handle case-insensitive matching" name="TSVCategorizer Categorization should handle case-insensitive matching" time="0.003">
    </testcase>
    <testcase classname="TSVCategorizer Categorization should handle null/undefined inputs gracefully" name="TSVCategorizer Categorization should handle null/undefined inputs gracefully" time="0.003">
    </testcase>
    <testcase classname="TSVCategorizer Analysis should analyze empty expense array" name="TSVCategorizer Analysis should analyze empty expense array" time="0.004">
    </testcase>
    <testcase classname="TSVCategorizer Analysis should analyze null/undefined expenses" name="TSVCategorizer Analysis should analyze null/undefined expenses" time="0.003">
    </testcase>
    <testcase classname="TSVCategorizer Analysis should analyze single expense correctly" name="TSVCategorizer Analysis should analyze single expense correctly" time="0.003">
    </testcase>
    <testcase classname="TSVCategorizer Analysis should analyze multiple expenses with different categories" name="TSVCategorizer Analysis should analyze multiple expenses with different categories" time="0.002">
    </testcase>
    <testcase classname="TSVCategorizer Analysis should handle expenses with invalid amounts" name="TSVCategorizer Analysis should handle expenses with invalid amounts" time="0.002">
    </testcase>
    <testcase classname="TSVCategorizer Analysis should handle large datasets efficiently" name="TSVCategorizer Analysis should handle large datasets efficiently" time="0.017">
    </testcase>
    <testcase classname="TSVCategorizer Bank of America Transaction Categorization should categorize BoA transactions with subcategories" name="TSVCategorizer Bank of America Transaction Categorization should categorize BoA transactions with subcategories" time="0.003">
    </testcase>
    <testcase classname="TSVCategorizer Amazon Order Analysis should analyze Amazon orders correctly" name="TSVCategorizer Amazon Order Analysis should analyze Amazon orders correctly" time="0.005">
    </testcase>
    <testcase classname="TSVCategorizer Amazon Order Analysis should detect Subscribe &amp; Save orders" name="TSVCategorizer Amazon Order Analysis should detect Subscribe &amp; Save orders" time="0.002">
    </testcase>
    <testcase classname="TSVCategorizer Amazon Order Analysis should calculate data completeness accurately" name="TSVCategorizer Amazon Order Analysis should calculate data completeness accurately" time="0.002">
    </testcase>
    <testcase classname="TSVCategorizer Subcategory Logic should assign correct subcategories for Food &amp; Dining" name="TSVCategorizer Subcategory Logic should assign correct subcategories for Food &amp; Dining" time="0.002">
    </testcase>
    <testcase classname="TSVCategorizer Subcategory Logic should assign correct subcategories for Transportation" name="TSVCategorizer Subcategory Logic should assign correct subcategories for Transportation" time="0.003">
    </testcase>
    <testcase classname="TSVCategorizer Subcategory Logic should handle null inputs for subcategories" name="TSVCategorizer Subcategory Logic should handle null inputs for subcategories" time="0.004">
    </testcase>
    <testcase classname="TSVCategorizer Edge Cases should handle very long descriptions" name="TSVCategorizer Edge Cases should handle very long descriptions" time="0.003">
    </testcase>
    <testcase classname="TSVCategorizer Edge Cases should handle special characters in descriptions" name="TSVCategorizer Edge Cases should handle special characters in descriptions" time="0.003">
    </testcase>
    <testcase classname="TSVCategorizer Edge Cases should handle numeric descriptions" name="TSVCategorizer Edge Cases should handle numeric descriptions" time="0.002">
    </testcase>
    <testcase classname="TSVCategorizer Edge Cases should handle emoji in descriptions" name="TSVCategorizer Edge Cases should handle emoji in descriptions" time="0.001">
    </testcase>
    <testcase classname="TSVCategorizer Performance should categorize quickly" name="TSVCategorizer Performance should categorize quickly" time="0.004">
    </testcase>
    <testcase classname="TSVCategorizer Performance should handle memory efficiently" name="TSVCategorizer Performance should handle memory efficiently" time="0.05">
    </testcase>
  </testsuite>
</testsuites>